<?xml version="1.0" encoding="UTF-8"?>
<!-- Generated by org.testng.reporters.JUnitXMLReporter -->
<testsuite hostname="LAPTOP-2N7NE40C" ignored="0" name="edgetest" tests="1" failures="0" timestamp="11 May 2020 18:32:59 GMT" time="4.888" errors="0">
  <testcase name="@BeforeClass setup" time="4.481" classname="com.nopcommerce.testBase.BaseClass">
    <failure type="org.openqa.selenium.WebDriverException" message="unknown error: cannot find MSEdge binary
Build info: version: &amp;apos;4.0.0-alpha-5&amp;apos;, revision: &amp;apos;b3a0d621cc&amp;apos;
System info: host: &amp;apos;LAPTOP-2N7NE40C&amp;apos;, ip: &amp;apos;192.168.1.176&amp;apos;, os.name: &amp;apos;Windows 10&amp;apos;, os.arch: &amp;apos;amd64&amp;apos;, os.version: &amp;apos;10.0&amp;apos;, java.version: &amp;apos;1.8.0_221&amp;apos;
Driver info: driver.version: EdgeDriver
remote stacktrace: Backtrace:
	Ordinal0 [0x00342683+2762371]
	Ordinal0 [0x00186941+944449]
	Ordinal0 [0x0010E045+450629]
	Ordinal0 [0x0010C09A+442522]
	Ordinal0 [0x0012E4D4+582868]
	Ordinal0 [0x0012DF5D+581469]
	Ordinal0 [0x0012C3BB+574395]
	Ordinal0 [0x00113690+472720]
	Ordinal0 [0x0011440A+476170]
	Ordinal0 [0x001143A7+476071]
	Ordinal0 [0x002A58F8+2119928]
	GetHandleVerifier [0x003E83E8+556264]
	GetHandleVerifier [0x003E810D+555533]
	GetHandleVerifier [0x003F8BD7+623831]
	GetHandleVerifier [0x003E8DE3+558819]
	Ordinal0 [0x0029E6A9+2090665]
	Ordinal0 [0x002A715B+2126171]
	Ordinal0 [0x002A72D1+2126545]
	Ordinal0 [0x002BC3A0+2212768]
	BaseThreadInitThunk [0x76556359+25]
	RtlGetAppContainerNamedObjectPath [0x77BF7C14+228]
	RtlGetAppContainerNamedObjectPath [0x77BF7BE4+180]
	(No symbol) [0x00000000]
">
      <![CDATA[org.openqa.selenium.WebDriverException: unknown error: cannot find MSEdge binary
Build info: version: '4.0.0-alpha-5', revision: 'b3a0d621cc'
System info: host: 'LAPTOP-2N7NE40C', ip: '192.168.1.176', os.name: 'Windows 10', os.arch: 'amd64', os.version: '10.0', java.version: '1.8.0_221'
Driver info: driver.version: EdgeDriver
remote stacktrace: Backtrace:
Ordinal0 [0x00342683+2762371]
Ordinal0 [0x00186941+944449]
Ordinal0 [0x0010E045+450629]
Ordinal0 [0x0010C09A+442522]
Ordinal0 [0x0012E4D4+582868]
Ordinal0 [0x0012DF5D+581469]
Ordinal0 [0x0012C3BB+574395]
Ordinal0 [0x00113690+472720]
Ordinal0 [0x0011440A+476170]
Ordinal0 [0x001143A7+476071]
Ordinal0 [0x002A58F8+2119928]
GetHandleVerifier [0x003E83E8+556264]
GetHandleVerifier [0x003E810D+555533]
GetHandleVerifier [0x003F8BD7+623831]
GetHandleVerifier [0x003E8DE3+558819]
Ordinal0 [0x0029E6A9+2090665]
Ordinal0 [0x002A715B+2126171]
Ordinal0 [0x002A72D1+2126545]
Ordinal0 [0x002BC3A0+2212768]
BaseThreadInitThunk [0x76556359+25]
RtlGetAppContainerNamedObjectPath [0x77BF7C14+228]
RtlGetAppContainerNamedObjectPath [0x77BF7BE4+180]
(No symbol) [0x00000000]

at org.openqa.selenium.remote.W3CHandshakeResponse.lambda$errorHandler$0(W3CHandshakeResponse.java:62)
at org.openqa.selenium.remote.HandshakeResponse.lambda$getResponseFunction$0(HandshakeResponse.java:30)
at org.openqa.selenium.remote.ProtocolHandshake.lambda$createSession$1(ProtocolHandshake.java:126)
at java.util.stream.ReferencePipeline$3$1.accept(Unknown Source)
at java.util.Spliterators$ArraySpliterator.tryAdvance(Unknown Source)
at java.util.stream.ReferencePipeline.forEachWithCancel(Unknown Source)
at java.util.stream.AbstractPipeline.copyIntoWithCancel(Unknown Source)
at java.util.stream.AbstractPipeline.copyInto(Unknown Source)
at java.util.stream.AbstractPipeline.wrapAndCopyInto(Unknown Source)
at java.util.stream.FindOps$FindOp.evaluateSequential(Unknown Source)
at java.util.stream.AbstractPipeline.evaluate(Unknown Source)
at java.util.stream.ReferencePipeline.findFirst(Unknown Source)
at org.openqa.selenium.remote.ProtocolHandshake.createSession(ProtocolHandshake.java:128)
at org.openqa.selenium.remote.ProtocolHandshake.createSession(ProtocolHandshake.java:75)
at org.openqa.selenium.remote.HttpCommandExecutor.execute(HttpCommandExecutor.java:139)
at org.openqa.selenium.remote.service.DriverCommandExecutor.execute(DriverCommandExecutor.java:83)
at org.openqa.selenium.remote.RemoteWebDriver.execute(RemoteWebDriver.java:582)
at org.openqa.selenium.remote.RemoteWebDriver.startSession(RemoteWebDriver.java:216)
at org.openqa.selenium.remote.RemoteWebDriver.<init>(RemoteWebDriver.java:136)
at org.openqa.selenium.chromium.ChromiumDriver.<init>(ChromiumDriver.java:75)
at org.openqa.selenium.edge.EdgeDriver.<init>(EdgeDriver.java:120)
at org.openqa.selenium.edge.EdgeDriver.<init>(EdgeDriver.java:117)
at com.nopcommerce.testBase.BaseClass.setup(BaseClass.java:66)
at java.util.concurrent.FutureTask.run(Unknown Source)
at java.util.concurrent.ThreadPoolExecutor.runWorker(Unknown Source)
at java.util.concurrent.ThreadPoolExecutor$Worker.run(Unknown Source)
at java.lang.Thread.run(Unknown Source)
... Removed 21 stack frames]]>
    </failure>
  </testcase> <!-- @BeforeClass setup -->
  <testcase name="@AfterClass tearDown" time="0.0" classname="com.nopcommerce.testBase.BaseClass">
    <skipped/>
  </testcase> <!-- @AfterClass tearDown -->
  <testcase name="loginTest" time="0.0" classname="com.nopcommerce.testCases.TC_LoginTest_001">
    <skipped/>
  </testcase> <!-- loginTest -->
</testsuite> <!-- edgetest -->
